0 info it worked if it ends with ok
1 verbose cli [ 'C:\\Program Files\\nodejs\\node.exe',
1 verbose cli   'C:\\Program Files\\nodejs\\node_modules\\npm\\bin\\npm-cli.js',
1 verbose cli   'update' ]
2 info using npm@2.14.20
3 info using node@v4.4.0
4 silly mapToRegistry name com.darktalker.cordova.screenshot
5 silly mapToRegistry using default registry
6 silly mapToRegistry registry https://registry.npmjs.org/
7 silly mapToRegistry uri https://registry.npmjs.org/com.darktalker.cordova.screenshot
8 silly mapToRegistry name cordova-ios
9 silly mapToRegistry using default registry
10 silly mapToRegistry registry https://registry.npmjs.org/
11 silly mapToRegistry uri https://registry.npmjs.org/cordova-ios
12 silly mapToRegistry name cordova-plugin-console
13 silly mapToRegistry using default registry
14 silly mapToRegistry registry https://registry.npmjs.org/
15 silly mapToRegistry uri https://registry.npmjs.org/cordova-plugin-console
16 silly mapToRegistry name cordova-plugin-device
17 silly mapToRegistry using default registry
18 silly mapToRegistry registry https://registry.npmjs.org/
19 silly mapToRegistry uri https://registry.npmjs.org/cordova-plugin-device
20 silly mapToRegistry name cordova-plugin-inappbrowser
21 silly mapToRegistry using default registry
22 silly mapToRegistry registry https://registry.npmjs.org/
23 silly mapToRegistry uri https://registry.npmjs.org/cordova-plugin-inappbrowser
24 silly mapToRegistry name cordova-plugin-splashscreen
25 silly mapToRegistry using default registry
26 silly mapToRegistry registry https://registry.npmjs.org/
27 silly mapToRegistry uri https://registry.npmjs.org/cordova-plugin-splashscreen
28 silly mapToRegistry name cordova-plugin-statusbar
29 silly mapToRegistry using default registry
30 silly mapToRegistry registry https://registry.npmjs.org/
31 silly mapToRegistry uri https://registry.npmjs.org/cordova-plugin-statusbar
32 silly mapToRegistry name cordova-plugin-whitelist
33 silly mapToRegistry using default registry
34 silly mapToRegistry registry https://registry.npmjs.org/
35 silly mapToRegistry uri https://registry.npmjs.org/cordova-plugin-whitelist
36 silly mapToRegistry name gulp
37 silly mapToRegistry using default registry
38 silly mapToRegistry registry https://registry.npmjs.org/
39 silly mapToRegistry uri https://registry.npmjs.org/gulp
40 silly mapToRegistry name gulp-concat
41 silly mapToRegistry using default registry
42 silly mapToRegistry registry https://registry.npmjs.org/
43 silly mapToRegistry uri https://registry.npmjs.org/gulp-concat
44 silly mapToRegistry name gulp-minify-css
45 silly mapToRegistry using default registry
46 silly mapToRegistry registry https://registry.npmjs.org/
47 silly mapToRegistry uri https://registry.npmjs.org/gulp-minify-css
48 silly mapToRegistry name gulp-rename
49 silly mapToRegistry using default registry
50 silly mapToRegistry registry https://registry.npmjs.org/
51 silly mapToRegistry uri https://registry.npmjs.org/gulp-rename
52 silly mapToRegistry name gulp-sass
53 silly mapToRegistry using default registry
54 silly mapToRegistry registry https://registry.npmjs.org/
55 silly mapToRegistry uri https://registry.npmjs.org/gulp-sass
56 silly mapToRegistry name ionic-plugin-keyboard
57 silly mapToRegistry using default registry
58 silly mapToRegistry registry https://registry.npmjs.org/
59 silly mapToRegistry uri https://registry.npmjs.org/ionic-plugin-keyboard
60 silly mapToRegistry name bower
61 silly mapToRegistry using default registry
62 silly mapToRegistry registry https://registry.npmjs.org/
63 silly mapToRegistry uri https://registry.npmjs.org/bower
64 silly mapToRegistry name gulp-util
65 silly mapToRegistry using default registry
66 silly mapToRegistry registry https://registry.npmjs.org/
67 silly mapToRegistry uri https://registry.npmjs.org/gulp-util
68 silly mapToRegistry name shelljs
69 silly mapToRegistry using default registry
70 silly mapToRegistry registry https://registry.npmjs.org/
71 silly mapToRegistry uri https://registry.npmjs.org/shelljs
72 verbose request uri https://registry.npmjs.org/com.darktalker.cordova.screenshot
73 verbose request no auth needed
74 info attempt registry request try #1 at 22:07:48
75 verbose request id 873862a2e5c8d07e
76 verbose etag W/"58db6d68-2631"
77 verbose lastModified Wed, 29 Mar 2017 08:16:40 GMT
78 http request GET https://registry.npmjs.org/com.darktalker.cordova.screenshot
79 verbose request uri https://registry.npmjs.org/cordova-plugin-statusbar
80 verbose request no auth needed
81 info attempt registry request try #1 at 22:07:48
82 verbose etag W/"5914d11a-8eec"
83 verbose lastModified Thu, 11 May 2017 21:01:14 GMT
84 http request GET https://registry.npmjs.org/cordova-plugin-statusbar
85 verbose request uri https://registry.npmjs.org/cordova-plugin-console
86 verbose request no auth needed
87 info attempt registry request try #1 at 22:07:48
88 verbose etag W/"5907d57f-8003"
89 verbose lastModified Tue, 02 May 2017 00:40:31 GMT
90 http request GET https://registry.npmjs.org/cordova-plugin-console
91 verbose request uri https://registry.npmjs.org/cordova-plugin-device
92 verbose request no auth needed
93 info attempt registry request try #1 at 22:07:48
94 verbose etag W/"5914a6e5-ad19"
95 verbose lastModified Thu, 11 May 2017 18:01:09 GMT
96 http request GET https://registry.npmjs.org/cordova-plugin-device
97 verbose request uri https://registry.npmjs.org/cordova-plugin-inappbrowser
98 verbose request no auth needed
99 info attempt registry request try #1 at 22:07:48
100 verbose etag W/"591dc827-11f70"
101 verbose lastModified Thu, 18 May 2017 16:13:27 GMT
102 http request GET https://registry.npmjs.org/cordova-plugin-inappbrowser
103 verbose request uri https://registry.npmjs.org/cordova-plugin-whitelist
104 verbose request no auth needed
105 info attempt registry request try #1 at 22:07:48
106 verbose etag W/"591dc9c5-4cb5"
107 verbose lastModified Thu, 18 May 2017 16:20:21 GMT
108 http request GET https://registry.npmjs.org/cordova-plugin-whitelist
109 verbose request uri https://registry.npmjs.org/cordova-plugin-splashscreen
110 verbose request no auth needed
111 info attempt registry request try #1 at 22:07:48
112 verbose etag W/"5914d100-11845"
113 verbose lastModified Thu, 11 May 2017 21:00:48 GMT
114 http request GET https://registry.npmjs.org/cordova-plugin-splashscreen
115 verbose request uri https://registry.npmjs.org/gulp-concat
116 verbose request no auth needed
117 info attempt registry request try #1 at 22:07:48
118 verbose etag W/"59356f07-a3c4"
119 verbose lastModified Mon, 05 Jun 2017 14:47:35 GMT
120 http request GET https://registry.npmjs.org/gulp-concat
121 verbose request uri https://registry.npmjs.org/gulp
122 verbose request no auth needed
123 info attempt registry request try #1 at 22:07:48
124 verbose etag W/"5935f203-1d4a8"
125 verbose lastModified Tue, 06 Jun 2017 00:06:27 GMT
126 http request GET https://registry.npmjs.org/gulp
127 verbose request uri https://registry.npmjs.org/gulp-rename
128 verbose request no auth needed
129 info attempt registry request try #1 at 22:07:48
130 verbose etag W/"592e19ba-3d50"
131 verbose lastModified Wed, 31 May 2017 01:17:46 GMT
132 http request GET https://registry.npmjs.org/gulp-rename
133 verbose request uri https://registry.npmjs.org/ionic-plugin-keyboard
134 verbose request no auth needed
135 info attempt registry request try #1 at 22:07:48
136 verbose etag W/"5922d029-4a90"
137 verbose lastModified Mon, 22 May 2017 11:48:57 GMT
138 http request GET https://registry.npmjs.org/ionic-plugin-keyboard
139 verbose request uri https://registry.npmjs.org/gulp-minify-css
140 verbose request no auth needed
141 info attempt registry request try #1 at 22:07:48
142 verbose etag W/"591f4e3e-10157"
143 verbose lastModified Fri, 19 May 2017 19:57:50 GMT
144 http request GET https://registry.npmjs.org/gulp-minify-css
145 verbose request uri https://registry.npmjs.org/bower
146 verbose request no auth needed
147 info attempt registry request try #1 at 22:07:48
148 verbose etag W/"5935113b-3149f"
149 verbose lastModified Mon, 05 Jun 2017 08:07:23 GMT
150 http request GET https://registry.npmjs.org/bower
151 verbose request uri https://registry.npmjs.org/gulp-sass
152 verbose request no auth needed
153 info attempt registry request try #1 at 22:07:48
154 verbose etag W/"592e1a06-e871"
155 verbose lastModified Wed, 31 May 2017 01:19:02 GMT
156 http request GET https://registry.npmjs.org/gulp-sass
157 verbose request uri https://registry.npmjs.org/cordova-ios
158 verbose request no auth needed
159 info attempt registry request try #1 at 22:07:48
160 verbose etag W/"5934c70d-9dc8d"
161 verbose lastModified Mon, 05 Jun 2017 02:50:53 GMT
162 http request GET https://registry.npmjs.org/cordova-ios
163 verbose request uri https://registry.npmjs.org/shelljs
164 verbose request no auth needed
165 info attempt registry request try #1 at 22:07:48
166 verbose etag W/"59341497-141e5"
167 verbose lastModified Sun, 04 Jun 2017 14:09:27 GMT
168 http request GET https://registry.npmjs.org/shelljs
169 verbose request uri https://registry.npmjs.org/gulp-util
170 verbose request no auth needed
171 info attempt registry request try #1 at 22:07:48
172 verbose etag W/"592e1970-fe4d"
173 verbose lastModified Wed, 31 May 2017 01:16:32 GMT
174 http request GET https://registry.npmjs.org/gulp-util
175 http 304 https://registry.npmjs.org/cordova-plugin-statusbar
176 verbose headers { date: 'Tue, 06 Jun 2017 01:07:48 GMT',
176 verbose headers   via: '1.1 varnish',
176 verbose headers   'cache-control': 'max-age=300',
176 verbose headers   etag: 'W/"5914d11a-8eec"',
176 verbose headers   age: '67',
176 verbose headers   connection: 'keep-alive',
176 verbose headers   'x-served-by': 'cache-atl6249-ATL',
176 verbose headers   'x-cache': 'HIT',
176 verbose headers   'x-cache-hits': '1',
176 verbose headers   'x-timer': 'S1496711269.682982,VS0,VE0',
176 verbose headers   vary: 'Accept-Encoding' }
177 silly get cb [ 304,
177 silly get   { date: 'Tue, 06 Jun 2017 01:07:48 GMT',
177 silly get     via: '1.1 varnish',
177 silly get     'cache-control': 'max-age=300',
177 silly get     etag: 'W/"5914d11a-8eec"',
177 silly get     age: '67',
177 silly get     connection: 'keep-alive',
177 silly get     'x-served-by': 'cache-atl6249-ATL',
177 silly get     'x-cache': 'HIT',
177 silly get     'x-cache-hits': '1',
177 silly get     'x-timer': 'S1496711269.682982,VS0,VE0',
177 silly get     vary: 'Accept-Encoding' } ]
178 verbose etag https://registry.npmjs.org/cordova-plugin-statusbar from cache
179 verbose get saving cordova-plugin-statusbar to C:\Users\Kbelo\AppData\Roaming\npm-cache\registry.npmjs.org\cordova-plugin-statusbar\.cache.json
180 verbose correctMkdir C:\Users\Kbelo\AppData\Roaming\npm-cache correctMkdir not in flight; initializing
181 http 304 https://registry.npmjs.org/com.darktalker.cordova.screenshot
182 verbose headers { date: 'Tue, 06 Jun 2017 01:07:48 GMT',
182 verbose headers   via: '1.1 varnish',
182 verbose headers   'cache-control': 'max-age=300',
182 verbose headers   etag: 'W/"58db6d68-2631"',
182 verbose headers   age: '67',
182 verbose headers   connection: 'keep-alive',
182 verbose headers   'x-served-by': 'cache-atl6227-ATL',
182 verbose headers   'x-cache': 'HIT',
182 verbose headers   'x-cache-hits': '1',
182 verbose headers   'x-timer': 'S1496711269.694168,VS0,VE0',
182 verbose headers   vary: 'Accept-Encoding' }
183 silly get cb [ 304,
183 silly get   { date: 'Tue, 06 Jun 2017 01:07:48 GMT',
183 silly get     via: '1.1 varnish',
183 silly get     'cache-control': 'max-age=300',
183 silly get     etag: 'W/"58db6d68-2631"',
183 silly get     age: '67',
183 silly get     connection: 'keep-alive',
183 silly get     'x-served-by': 'cache-atl6227-ATL',
183 silly get     'x-cache': 'HIT',
183 silly get     'x-cache-hits': '1',
183 silly get     'x-timer': 'S1496711269.694168,VS0,VE0',
183 silly get     vary: 'Accept-Encoding' } ]
184 verbose etag https://registry.npmjs.org/com.darktalker.cordova.screenshot from cache
185 verbose get saving com.darktalker.cordova.screenshot to C:\Users\Kbelo\AppData\Roaming\npm-cache\registry.npmjs.org\com.darktalker.cordova.screenshot\.cache.json
186 verbose correctMkdir C:\Users\Kbelo\AppData\Roaming\npm-cache correctMkdir already in flight; waiting
187 http 304 https://registry.npmjs.org/cordova-plugin-console
188 verbose headers { date: 'Tue, 06 Jun 2017 01:07:48 GMT',
188 verbose headers   via: '1.1 varnish',
188 verbose headers   'cache-control': 'max-age=300',
188 verbose headers   etag: 'W/"5907d57f-8003"',
188 verbose headers   age: '67',
188 verbose headers   connection: 'keep-alive',
188 verbose headers   'x-served-by': 'cache-atl6238-ATL',
188 verbose headers   'x-cache': 'HIT',
188 verbose headers   'x-cache-hits': '1',
188 verbose headers   'x-timer': 'S1496711269.699876,VS0,VE1',
188 verbose headers   vary: 'Accept-Encoding' }
189 silly get cb [ 304,
189 silly get   { date: 'Tue, 06 Jun 2017 01:07:48 GMT',
189 silly get     via: '1.1 varnish',
189 silly get     'cache-control': 'max-age=300',
189 silly get     etag: 'W/"5907d57f-8003"',
189 silly get     age: '67',
189 silly get     connection: 'keep-alive',
189 silly get     'x-served-by': 'cache-atl6238-ATL',
189 silly get     'x-cache': 'HIT',
189 silly get     'x-cache-hits': '1',
189 silly get     'x-timer': 'S1496711269.699876,VS0,VE1',
189 silly get     vary: 'Accept-Encoding' } ]
190 verbose etag https://registry.npmjs.org/cordova-plugin-console from cache
191 verbose get saving cordova-plugin-console to C:\Users\Kbelo\AppData\Roaming\npm-cache\registry.npmjs.org\cordova-plugin-console\.cache.json
192 verbose correctMkdir C:\Users\Kbelo\AppData\Roaming\npm-cache correctMkdir already in flight; waiting
193 http 304 https://registry.npmjs.org/cordova-plugin-device
194 verbose headers { date: 'Tue, 06 Jun 2017 01:07:48 GMT',
194 verbose headers   via: '1.1 varnish',
194 verbose headers   'cache-control': 'max-age=300',
194 verbose headers   etag: 'W/"5914a6e5-ad19"',
194 verbose headers   age: '111',
194 verbose headers   connection: 'keep-alive',
194 verbose headers   'x-served-by': 'cache-atl6246-ATL',
194 verbose headers   'x-cache': 'HIT',
194 verbose headers   'x-cache-hits': '1',
194 verbose headers   'x-timer': 'S1496711269.701135,VS0,VE0',
194 verbose headers   vary: 'Accept-Encoding' }
195 silly get cb [ 304,
195 silly get   { date: 'Tue, 06 Jun 2017 01:07:48 GMT',
195 silly get     via: '1.1 varnish',
195 silly get     'cache-control': 'max-age=300',
195 silly get     etag: 'W/"5914a6e5-ad19"',
195 silly get     age: '111',
195 silly get     connection: 'keep-alive',
195 silly get     'x-served-by': 'cache-atl6246-ATL',
195 silly get     'x-cache': 'HIT',
195 silly get     'x-cache-hits': '1',
195 silly get     'x-timer': 'S1496711269.701135,VS0,VE0',
195 silly get     vary: 'Accept-Encoding' } ]
196 verbose etag https://registry.npmjs.org/cordova-plugin-device from cache
197 verbose get saving cordova-plugin-device to C:\Users\Kbelo\AppData\Roaming\npm-cache\registry.npmjs.org\cordova-plugin-device\.cache.json
198 verbose correctMkdir C:\Users\Kbelo\AppData\Roaming\npm-cache correctMkdir already in flight; waiting
199 http 304 https://registry.npmjs.org/gulp-rename
200 verbose headers { date: 'Tue, 06 Jun 2017 01:07:48 GMT',
200 verbose headers   via: '1.1 varnish',
200 verbose headers   'cache-control': 'max-age=300',
200 verbose headers   etag: 'W/"592e19ba-3d50"',
200 verbose headers   age: '186',
200 verbose headers   connection: 'keep-alive',
200 verbose headers   'x-served-by': 'cache-atl6236-ATL',
200 verbose headers   'x-cache': 'HIT',
200 verbose headers   'x-cache-hits': '2',
200 verbose headers   'x-timer': 'S1496711269.701826,VS0,VE0',
200 verbose headers   vary: 'Accept-Encoding' }
201 silly get cb [ 304,
201 silly get   { date: 'Tue, 06 Jun 2017 01:07:48 GMT',
201 silly get     via: '1.1 varnish',
201 silly get     'cache-control': 'max-age=300',
201 silly get     etag: 'W/"592e19ba-3d50"',
201 silly get     age: '186',
201 silly get     connection: 'keep-alive',
201 silly get     'x-served-by': 'cache-atl6236-ATL',
201 silly get     'x-cache': 'HIT',
201 silly get     'x-cache-hits': '2',
201 silly get     'x-timer': 'S1496711269.701826,VS0,VE0',
201 silly get     vary: 'Accept-Encoding' } ]
202 verbose etag https://registry.npmjs.org/gulp-rename from cache
203 verbose get saving gulp-rename to C:\Users\Kbelo\AppData\Roaming\npm-cache\registry.npmjs.org\gulp-rename\.cache.json
204 verbose correctMkdir C:\Users\Kbelo\AppData\Roaming\npm-cache correctMkdir already in flight; waiting
205 http 304 https://registry.npmjs.org/gulp-sass
206 verbose headers { date: 'Tue, 06 Jun 2017 01:07:48 GMT',
206 verbose headers   via: '1.1 varnish',
206 verbose headers   'cache-control': 'max-age=300',
206 verbose headers   etag: 'W/"592e1a06-e871"',
206 verbose headers   age: '186',
206 verbose headers   connection: 'keep-alive',
206 verbose headers   'x-served-by': 'cache-atl6239-ATL',
206 verbose headers   'x-cache': 'HIT',
206 verbose headers   'x-cache-hits': '2',
206 verbose headers   'x-timer': 'S1496711269.706242,VS0,VE0',
206 verbose headers   vary: 'Accept-Encoding' }
207 silly get cb [ 304,
207 silly get   { date: 'Tue, 06 Jun 2017 01:07:48 GMT',
207 silly get     via: '1.1 varnish',
207 silly get     'cache-control': 'max-age=300',
207 silly get     etag: 'W/"592e1a06-e871"',
207 silly get     age: '186',
207 silly get     connection: 'keep-alive',
207 silly get     'x-served-by': 'cache-atl6239-ATL',
207 silly get     'x-cache': 'HIT',
207 silly get     'x-cache-hits': '2',
207 silly get     'x-timer': 'S1496711269.706242,VS0,VE0',
207 silly get     vary: 'Accept-Encoding' } ]
208 verbose etag https://registry.npmjs.org/gulp-sass from cache
209 verbose get saving gulp-sass to C:\Users\Kbelo\AppData\Roaming\npm-cache\registry.npmjs.org\gulp-sass\.cache.json
210 verbose correctMkdir C:\Users\Kbelo\AppData\Roaming\npm-cache correctMkdir already in flight; waiting
211 http 304 https://registry.npmjs.org/gulp-util
212 verbose headers { date: 'Tue, 06 Jun 2017 01:07:48 GMT',
212 verbose headers   via: '1.1 varnish',
212 verbose headers   'cache-control': 'max-age=300',
212 verbose headers   etag: 'W/"592e1970-fe4d"',
212 verbose headers   age: '185',
212 verbose headers   connection: 'keep-alive',
212 verbose headers   'x-served-by': 'cache-atl6247-ATL',
212 verbose headers   'x-cache': 'HIT',
212 verbose headers   'x-cache-hits': '1',
212 verbose headers   'x-timer': 'S1496711269.707391,VS0,VE1',
212 verbose headers   vary: 'Accept-Encoding' }
213 silly get cb [ 304,
213 silly get   { date: 'Tue, 06 Jun 2017 01:07:48 GMT',
213 silly get     via: '1.1 varnish',
213 silly get     'cache-control': 'max-age=300',
213 silly get     etag: 'W/"592e1970-fe4d"',
213 silly get     age: '185',
213 silly get     connection: 'keep-alive',
213 silly get     'x-served-by': 'cache-atl6247-ATL',
213 silly get     'x-cache': 'HIT',
213 silly get     'x-cache-hits': '1',
213 silly get     'x-timer': 'S1496711269.707391,VS0,VE1',
213 silly get     vary: 'Accept-Encoding' } ]
214 verbose etag https://registry.npmjs.org/gulp-util from cache
215 verbose get saving gulp-util to C:\Users\Kbelo\AppData\Roaming\npm-cache\registry.npmjs.org\gulp-util\.cache.json
216 verbose correctMkdir C:\Users\Kbelo\AppData\Roaming\npm-cache correctMkdir not in flight; initializing
217 http 304 https://registry.npmjs.org/cordova-plugin-inappbrowser
218 verbose headers { date: 'Tue, 06 Jun 2017 01:07:48 GMT',
218 verbose headers   via: '1.1 varnish',
218 verbose headers   'cache-control': 'max-age=300',
218 verbose headers   etag: 'W/"591dc827-11f70"',
218 verbose headers   age: '67',
218 verbose headers   connection: 'keep-alive',
218 verbose headers   'x-served-by': 'cache-atl6241-ATL',
218 verbose headers   'x-cache': 'HIT',
218 verbose headers   'x-cache-hits': '3',
218 verbose headers   'x-timer': 'S1496711269.712018,VS0,VE0',
218 verbose headers   vary: 'Accept-Encoding' }
219 silly get cb [ 304,
219 silly get   { date: 'Tue, 06 Jun 2017 01:07:48 GMT',
219 silly get     via: '1.1 varnish',
219 silly get     'cache-control': 'max-age=300',
219 silly get     etag: 'W/"591dc827-11f70"',
219 silly get     age: '67',
219 silly get     connection: 'keep-alive',
219 silly get     'x-served-by': 'cache-atl6241-ATL',
219 silly get     'x-cache': 'HIT',
219 silly get     'x-cache-hits': '3',
219 silly get     'x-timer': 'S1496711269.712018,VS0,VE0',
219 silly get     vary: 'Accept-Encoding' } ]
220 verbose etag https://registry.npmjs.org/cordova-plugin-inappbrowser from cache
221 verbose get saving cordova-plugin-inappbrowser to C:\Users\Kbelo\AppData\Roaming\npm-cache\registry.npmjs.org\cordova-plugin-inappbrowser\.cache.json
222 verbose correctMkdir C:\Users\Kbelo\AppData\Roaming\npm-cache correctMkdir not in flight; initializing
223 http 304 https://registry.npmjs.org/cordova-plugin-splashscreen
224 verbose headers { date: 'Tue, 06 Jun 2017 01:07:48 GMT',
224 verbose headers   via: '1.1 varnish',
224 verbose headers   'cache-control': 'max-age=300',
224 verbose headers   etag: 'W/"5914d100-11845"',
224 verbose headers   age: '67',
224 verbose headers   connection: 'keep-alive',
224 verbose headers   'x-served-by': 'cache-atl6237-ATL',
224 verbose headers   'x-cache': 'HIT',
224 verbose headers   'x-cache-hits': '1',
224 verbose headers   'x-timer': 'S1496711269.715326,VS0,VE0',
224 verbose headers   vary: 'Accept-Encoding' }
225 silly get cb [ 304,
225 silly get   { date: 'Tue, 06 Jun 2017 01:07:48 GMT',
225 silly get     via: '1.1 varnish',
225 silly get     'cache-control': 'max-age=300',
225 silly get     etag: 'W/"5914d100-11845"',
225 silly get     age: '67',
225 silly get     connection: 'keep-alive',
225 silly get     'x-served-by': 'cache-atl6237-ATL',
225 silly get     'x-cache': 'HIT',
225 silly get     'x-cache-hits': '1',
225 silly get     'x-timer': 'S1496711269.715326,VS0,VE0',
225 silly get     vary: 'Accept-Encoding' } ]
226 verbose etag https://registry.npmjs.org/cordova-plugin-splashscreen from cache
227 verbose get saving cordova-plugin-splashscreen to C:\Users\Kbelo\AppData\Roaming\npm-cache\registry.npmjs.org\cordova-plugin-splashscreen\.cache.json
228 verbose correctMkdir C:\Users\Kbelo\AppData\Roaming\npm-cache correctMkdir not in flight; initializing
229 http 304 https://registry.npmjs.org/cordova-ios
230 verbose headers { date: 'Tue, 06 Jun 2017 01:07:48 GMT',
230 verbose headers   via: '1.1 varnish',
230 verbose headers   'cache-control': 'max-age=300',
230 verbose headers   etag: 'W/"5934c70d-9dc8d"',
230 verbose headers   age: '225',
230 verbose headers   connection: 'keep-alive',
230 verbose headers   'x-served-by': 'cache-atl6248-ATL',
230 verbose headers   'x-cache': 'HIT',
230 verbose headers   'x-cache-hits': '2',
230 verbose headers   'x-timer': 'S1496711269.717023,VS0,VE0',
230 verbose headers   vary: 'Accept-Encoding' }
231 silly get cb [ 304,
231 silly get   { date: 'Tue, 06 Jun 2017 01:07:48 GMT',
231 silly get     via: '1.1 varnish',
231 silly get     'cache-control': 'max-age=300',
231 silly get     etag: 'W/"5934c70d-9dc8d"',
231 silly get     age: '225',
231 silly get     connection: 'keep-alive',
231 silly get     'x-served-by': 'cache-atl6248-ATL',
231 silly get     'x-cache': 'HIT',
231 silly get     'x-cache-hits': '2',
231 silly get     'x-timer': 'S1496711269.717023,VS0,VE0',
231 silly get     vary: 'Accept-Encoding' } ]
232 verbose etag https://registry.npmjs.org/cordova-ios from cache
233 verbose get saving cordova-ios to C:\Users\Kbelo\AppData\Roaming\npm-cache\registry.npmjs.org\cordova-ios\.cache.json
234 verbose correctMkdir C:\Users\Kbelo\AppData\Roaming\npm-cache correctMkdir not in flight; initializing
235 http 304 https://registry.npmjs.org/cordova-plugin-whitelist
236 verbose headers { date: 'Tue, 06 Jun 2017 01:07:48 GMT',
236 verbose headers   via: '1.1 varnish',
236 verbose headers   'cache-control': 'max-age=300',
236 verbose headers   etag: 'W/"591dc9c5-4cb5"',
236 verbose headers   age: '67',
236 verbose headers   connection: 'keep-alive',
236 verbose headers   'x-served-by': 'cache-atl6250-ATL',
236 verbose headers   'x-cache': 'HIT',
236 verbose headers   'x-cache-hits': '2',
236 verbose headers   'x-timer': 'S1496711269.717522,VS0,VE0',
236 verbose headers   vary: 'Accept-Encoding' }
237 silly get cb [ 304,
237 silly get   { date: 'Tue, 06 Jun 2017 01:07:48 GMT',
237 silly get     via: '1.1 varnish',
237 silly get     'cache-control': 'max-age=300',
237 silly get     etag: 'W/"591dc9c5-4cb5"',
237 silly get     age: '67',
237 silly get     connection: 'keep-alive',
237 silly get     'x-served-by': 'cache-atl6250-ATL',
237 silly get     'x-cache': 'HIT',
237 silly get     'x-cache-hits': '2',
237 silly get     'x-timer': 'S1496711269.717522,VS0,VE0',
237 silly get     vary: 'Accept-Encoding' } ]
238 verbose etag https://registry.npmjs.org/cordova-plugin-whitelist from cache
239 verbose get saving cordova-plugin-whitelist to C:\Users\Kbelo\AppData\Roaming\npm-cache\registry.npmjs.org\cordova-plugin-whitelist\.cache.json
240 verbose correctMkdir C:\Users\Kbelo\AppData\Roaming\npm-cache correctMkdir not in flight; initializing
241 http 304 https://registry.npmjs.org/gulp-concat
242 verbose headers { date: 'Tue, 06 Jun 2017 01:07:48 GMT',
242 verbose headers   via: '1.1 varnish',
242 verbose headers   'cache-control': 'max-age=300',
242 verbose headers   etag: 'W/"59356f07-a3c4"',
242 verbose headers   age: '67',
242 verbose headers   connection: 'keep-alive',
242 verbose headers   'x-served-by': 'cache-atl6245-ATL',
242 verbose headers   'x-cache': 'HIT',
242 verbose headers   'x-cache-hits': '1',
242 verbose headers   'x-timer': 'S1496711269.721122,VS0,VE0',
242 verbose headers   vary: 'Accept-Encoding' }
243 silly get cb [ 304,
243 silly get   { date: 'Tue, 06 Jun 2017 01:07:48 GMT',
243 silly get     via: '1.1 varnish',
243 silly get     'cache-control': 'max-age=300',
243 silly get     etag: 'W/"59356f07-a3c4"',
243 silly get     age: '67',
243 silly get     connection: 'keep-alive',
243 silly get     'x-served-by': 'cache-atl6245-ATL',
243 silly get     'x-cache': 'HIT',
243 silly get     'x-cache-hits': '1',
243 silly get     'x-timer': 'S1496711269.721122,VS0,VE0',
243 silly get     vary: 'Accept-Encoding' } ]
244 verbose etag https://registry.npmjs.org/gulp-concat from cache
245 verbose get saving gulp-concat to C:\Users\Kbelo\AppData\Roaming\npm-cache\registry.npmjs.org\gulp-concat\.cache.json
246 verbose correctMkdir C:\Users\Kbelo\AppData\Roaming\npm-cache correctMkdir not in flight; initializing
247 http 304 https://registry.npmjs.org/gulp
248 verbose headers { date: 'Tue, 06 Jun 2017 01:07:48 GMT',
248 verbose headers   via: '1.1 varnish',
248 verbose headers   'cache-control': 'max-age=300',
248 verbose headers   etag: 'W/"5935f203-1d4a8"',
248 verbose headers   age: '67',
248 verbose headers   connection: 'keep-alive',
248 verbose headers   'x-served-by': 'cache-atl6242-ATL',
248 verbose headers   'x-cache': 'HIT',
248 verbose headers   'x-cache-hits': '1',
248 verbose headers   'x-timer': 'S1496711269.722727,VS0,VE1',
248 verbose headers   vary: 'Accept-Encoding' }
249 silly get cb [ 304,
249 silly get   { date: 'Tue, 06 Jun 2017 01:07:48 GMT',
249 silly get     via: '1.1 varnish',
249 silly get     'cache-control': 'max-age=300',
249 silly get     etag: 'W/"5935f203-1d4a8"',
249 silly get     age: '67',
249 silly get     connection: 'keep-alive',
249 silly get     'x-served-by': 'cache-atl6242-ATL',
249 silly get     'x-cache': 'HIT',
249 silly get     'x-cache-hits': '1',
249 silly get     'x-timer': 'S1496711269.722727,VS0,VE1',
249 silly get     vary: 'Accept-Encoding' } ]
250 verbose etag https://registry.npmjs.org/gulp from cache
251 verbose get saving gulp to C:\Users\Kbelo\AppData\Roaming\npm-cache\registry.npmjs.org\gulp\.cache.json
252 verbose correctMkdir C:\Users\Kbelo\AppData\Roaming\npm-cache correctMkdir not in flight; initializing
253 http 304 https://registry.npmjs.org/bower
254 verbose headers { date: 'Tue, 06 Jun 2017 01:07:48 GMT',
254 verbose headers   via: '1.1 varnish',
254 verbose headers   'cache-control': 'max-age=300',
254 verbose headers   etag: 'W/"5935113b-3149f"',
254 verbose headers   age: '72',
254 verbose headers   connection: 'keep-alive',
254 verbose headers   'x-served-by': 'cache-atl6244-ATL',
254 verbose headers   'x-cache': 'HIT',
254 verbose headers   'x-cache-hits': '3',
254 verbose headers   'x-timer': 'S1496711269.724690,VS0,VE0',
254 verbose headers   vary: 'Accept-Encoding' }
255 silly get cb [ 304,
255 silly get   { date: 'Tue, 06 Jun 2017 01:07:48 GMT',
255 silly get     via: '1.1 varnish',
255 silly get     'cache-control': 'max-age=300',
255 silly get     etag: 'W/"5935113b-3149f"',
255 silly get     age: '72',
255 silly get     connection: 'keep-alive',
255 silly get     'x-served-by': 'cache-atl6244-ATL',
255 silly get     'x-cache': 'HIT',
255 silly get     'x-cache-hits': '3',
255 silly get     'x-timer': 'S1496711269.724690,VS0,VE0',
255 silly get     vary: 'Accept-Encoding' } ]
256 verbose etag https://registry.npmjs.org/bower from cache
257 verbose get saving bower to C:\Users\Kbelo\AppData\Roaming\npm-cache\registry.npmjs.org\bower\.cache.json
258 verbose correctMkdir C:\Users\Kbelo\AppData\Roaming\npm-cache correctMkdir not in flight; initializing
259 http 304 https://registry.npmjs.org/ionic-plugin-keyboard
260 verbose headers { date: 'Tue, 06 Jun 2017 01:07:48 GMT',
260 verbose headers   via: '1.1 varnish',
260 verbose headers   'cache-control': 'max-age=300',
260 verbose headers   etag: 'W/"5922d029-4a90"',
260 verbose headers   age: '184',
260 verbose headers   connection: 'keep-alive',
260 verbose headers   'x-served-by': 'cache-atl6251-ATL',
260 verbose headers   'x-cache': 'HIT',
260 verbose headers   'x-cache-hits': '1',
260 verbose headers   'x-timer': 'S1496711269.730731,VS0,VE0',
260 verbose headers   vary: 'Accept-Encoding' }
261 silly get cb [ 304,
261 silly get   { date: 'Tue, 06 Jun 2017 01:07:48 GMT',
261 silly get     via: '1.1 varnish',
261 silly get     'cache-control': 'max-age=300',
261 silly get     etag: 'W/"5922d029-4a90"',
261 silly get     age: '184',
261 silly get     connection: 'keep-alive',
261 silly get     'x-served-by': 'cache-atl6251-ATL',
261 silly get     'x-cache': 'HIT',
261 silly get     'x-cache-hits': '1',
261 silly get     'x-timer': 'S1496711269.730731,VS0,VE0',
261 silly get     vary: 'Accept-Encoding' } ]
262 verbose etag https://registry.npmjs.org/ionic-plugin-keyboard from cache
263 verbose get saving ionic-plugin-keyboard to C:\Users\Kbelo\AppData\Roaming\npm-cache\registry.npmjs.org\ionic-plugin-keyboard\.cache.json
264 verbose correctMkdir C:\Users\Kbelo\AppData\Roaming\npm-cache correctMkdir not in flight; initializing
265 http 304 https://registry.npmjs.org/gulp-minify-css
266 verbose headers { date: 'Tue, 06 Jun 2017 01:07:48 GMT',
266 verbose headers   via: '1.1 varnish',
266 verbose headers   'cache-control': 'max-age=300',
266 verbose headers   etag: 'W/"591f4e3e-10157"',
266 verbose headers   age: '111',
266 verbose headers   connection: 'keep-alive',
266 verbose headers   'x-served-by': 'cache-atl6243-ATL',
266 verbose headers   'x-cache': 'HIT',
266 verbose headers   'x-cache-hits': '1',
266 verbose headers   'x-timer': 'S1496711269.735242,VS0,VE0',
266 verbose headers   vary: 'Accept-Encoding' }
267 silly get cb [ 304,
267 silly get   { date: 'Tue, 06 Jun 2017 01:07:48 GMT',
267 silly get     via: '1.1 varnish',
267 silly get     'cache-control': 'max-age=300',
267 silly get     etag: 'W/"591f4e3e-10157"',
267 silly get     age: '111',
267 silly get     connection: 'keep-alive',
267 silly get     'x-served-by': 'cache-atl6243-ATL',
267 silly get     'x-cache': 'HIT',
267 silly get     'x-cache-hits': '1',
267 silly get     'x-timer': 'S1496711269.735242,VS0,VE0',
267 silly get     vary: 'Accept-Encoding' } ]
268 verbose etag https://registry.npmjs.org/gulp-minify-css from cache
269 verbose get saving gulp-minify-css to C:\Users\Kbelo\AppData\Roaming\npm-cache\registry.npmjs.org\gulp-minify-css\.cache.json
270 verbose correctMkdir C:\Users\Kbelo\AppData\Roaming\npm-cache correctMkdir not in flight; initializing
271 http 304 https://registry.npmjs.org/shelljs
272 verbose headers { date: 'Tue, 06 Jun 2017 01:07:48 GMT',
272 verbose headers   via: '1.1 varnish',
272 verbose headers   'cache-control': 'max-age=300',
272 verbose headers   etag: 'W/"59341497-141e5"',
272 verbose headers   age: '73',
272 verbose headers   connection: 'keep-alive',
272 verbose headers   'x-served-by': 'cache-atl6240-ATL',
272 verbose headers   'x-cache': 'HIT',
272 verbose headers   'x-cache-hits': '3',
272 verbose headers   'x-timer': 'S1496711269.739141,VS0,VE0',
272 verbose headers   vary: 'Accept-Encoding' }
273 silly get cb [ 304,
273 silly get   { date: 'Tue, 06 Jun 2017 01:07:48 GMT',
273 silly get     via: '1.1 varnish',
273 silly get     'cache-control': 'max-age=300',
273 silly get     etag: 'W/"59341497-141e5"',
273 silly get     age: '73',
273 silly get     connection: 'keep-alive',
273 silly get     'x-served-by': 'cache-atl6240-ATL',
273 silly get     'x-cache': 'HIT',
273 silly get     'x-cache-hits': '3',
273 silly get     'x-timer': 'S1496711269.739141,VS0,VE0',
273 silly get     vary: 'Accept-Encoding' } ]
274 verbose etag https://registry.npmjs.org/shelljs from cache
275 verbose get saving shelljs to C:\Users\Kbelo\AppData\Roaming\npm-cache\registry.npmjs.org\shelljs\.cache.json
276 verbose correctMkdir C:\Users\Kbelo\AppData\Roaming\npm-cache correctMkdir not in flight; initializing
277 verbose outdated not updating gulp-sass because it's currently at the maximum version that matches its specified semver range
278 verbose outdated not updating gulp-util because it's currently at the maximum version that matches its specified semver range
279 verbose outdated not updating cordova-plugin-inappbrowser because it's currently at the maximum version that matches its specified semver range
280 verbose outdated not updating gulp-minify-css because it's currently at the maximum version that matches its specified semver range
281 verbose outdated not updating shelljs because it's currently at the maximum version that matches its specified semver range
282 info outdated updating [ [ 'E:\\ionic\\psalmstoday',
282 info outdated     'cordova-plugin-x-socialsharing',
282 info outdated     undefined,
282 info outdated     'git',
282 info outdated     'git',
282 info outdated     'git+https://github.com/EddyVerbruggen/SocialSharing-PhoneGap-Plugin.git' ] ]
283 verbose install where, what [ 'E:\\ionic\\psalmstoday',
283 verbose install   [ 'git+https://github.com/EddyVerbruggen/SocialSharing-PhoneGap-Plugin.git' ] ]
284 verbose install initial load of E:\ionic\psalmstoday\package.json
285 verbose installManyTop reading scoped package data from E:\ionic\psalmstoday\node_modules\bower\package.json
286 verbose installManyTop reading scoped package data from E:\ionic\psalmstoday\node_modules\com.darktalker.cordova.screenshot\package.json
287 verbose installManyTop reading scoped package data from E:\ionic\psalmstoday\node_modules\cordova-ios\package.json
288 verbose installManyTop reading scoped package data from E:\ionic\psalmstoday\node_modules\cordova-plugin-console\package.json
289 verbose installManyTop reading scoped package data from E:\ionic\psalmstoday\node_modules\cordova-plugin-device\package.json
290 verbose installManyTop reading scoped package data from E:\ionic\psalmstoday\node_modules\cordova-plugin-inappbrowser\package.json
291 verbose installManyTop reading scoped package data from E:\ionic\psalmstoday\node_modules\cordova-plugin-splashscreen\package.json
292 verbose installManyTop reading scoped package data from E:\ionic\psalmstoday\node_modules\cordova-plugin-statusbar\package.json
293 verbose installManyTop reading scoped package data from E:\ionic\psalmstoday\node_modules\cordova-plugin-whitelist\package.json
294 verbose installManyTop reading scoped package data from E:\ionic\psalmstoday\node_modules\gulp\package.json
295 verbose installManyTop reading scoped package data from E:\ionic\psalmstoday\node_modules\gulp-concat\package.json
296 verbose installManyTop reading scoped package data from E:\ionic\psalmstoday\node_modules\gulp-minify-css\package.json
297 verbose installManyTop reading scoped package data from E:\ionic\psalmstoday\node_modules\gulp-rename\package.json
298 verbose installManyTop reading scoped package data from E:\ionic\psalmstoday\node_modules\gulp-sass\package.json
299 verbose installManyTop reading scoped package data from E:\ionic\psalmstoday\node_modules\gulp-util\package.json
300 verbose installManyTop reading scoped package data from E:\ionic\psalmstoday\node_modules\ionic-plugin-keyboard\package.json
301 verbose installManyTop reading scoped package data from E:\ionic\psalmstoday\node_modules\shelljs\package.json
302 verbose readDependencies loading dependencies from E:\ionic\psalmstoday\package.json
303 silly cache add args [ 'git+https://github.com/EddyVerbruggen/SocialSharing-PhoneGap-Plugin.git',
303 silly cache add   null ]
304 verbose cache add spec git+https://github.com/EddyVerbruggen/SocialSharing-PhoneGap-Plugin.git
305 silly cache add parsed spec Result {
305 silly cache add   raw: 'git+https://github.com/EddyVerbruggen/SocialSharing-PhoneGap-Plugin.git',
305 silly cache add   scope: null,
305 silly cache add   name: null,
305 silly cache add   rawSpec: 'git+https://github.com/EddyVerbruggen/SocialSharing-PhoneGap-Plugin.git',
305 silly cache add   spec: 'git+https://github.com/EddyVerbruggen/SocialSharing-PhoneGap-Plugin.git',
305 silly cache add   type: 'hosted',
305 silly cache add   hosted:
305 silly cache add    { type: 'github',
305 silly cache add      ssh: 'git@github.com:EddyVerbruggen/SocialSharing-PhoneGap-Plugin.git',
305 silly cache add      sshUrl: 'git+ssh://git@github.com/EddyVerbruggen/SocialSharing-PhoneGap-Plugin.git',
305 silly cache add      httpsUrl: 'git+https://github.com/EddyVerbruggen/SocialSharing-PhoneGap-Plugin.git',
305 silly cache add      gitUrl: 'git://github.com/EddyVerbruggen/SocialSharing-PhoneGap-Plugin.git',
305 silly cache add      shortcut: 'github:EddyVerbruggen/SocialSharing-PhoneGap-Plugin',
305 silly cache add      directUrl: 'https://raw.githubusercontent.com/EddyVerbruggen/SocialSharing-PhoneGap-Plugin/master/package.json' } }
306 verbose addRemoteGit caching git+https://github.com/EddyVerbruggen/SocialSharing-PhoneGap-Plugin.git
307 verbose addRemoteGit git+https://github.com/EddyVerbruggen/SocialSharing-PhoneGap-Plugin.git is a repository hosted by github
308 silly tryClone cloning git+https://github.com/EddyVerbruggen/SocialSharing-PhoneGap-Plugin.git via git+https://github.com/EddyVerbruggen/SocialSharing-PhoneGap-Plugin.git
309 verbose tryClone https-github-com-EddyVerbruggen-SocialSharing-PhoneGap-Plugin-git-aeb6e1b1 not in flight; caching
310 verbose correctMkdir C:\Users\Kbelo\AppData\Roaming\npm-cache\_git-remotes correctMkdir not in flight; initializing
311 warn addRemoteGit Error: not found: git
311 warn addRemoteGit     at F (C:\Program Files\nodejs\node_modules\npm\node_modules\which\which.js:63:19)
311 warn addRemoteGit     at E (C:\Program Files\nodejs\node_modules\npm\node_modules\which\which.js:72:29)
311 warn addRemoteGit     at C:\Program Files\nodejs\node_modules\npm\node_modules\which\which.js:81:16
311 warn addRemoteGit     at C:\Program Files\nodejs\node_modules\npm\node_modules\which\node_modules\isexe\index.js:44:5
311 warn addRemoteGit     at C:\Program Files\nodejs\node_modules\npm\node_modules\which\node_modules\isexe\windows.js:29:5
311 warn addRemoteGit     at FSReqWrap.oncomplete (fs.js:82:15)
311 warn addRemoteGit  git+https://github.com/EddyVerbruggen/SocialSharing-PhoneGap-Plugin.git resetting remote C:\Users\Kbelo\AppData\Roaming\npm-cache\_git-remotes\https-github-com-EddyVerbruggen-SocialSharing-PhoneGap-Plugin-git-aeb6e1b1 because of error: { [Error: not found: git] code: 'ENOGIT' }
312 info resetRemote resetting C:\Users\Kbelo\AppData\Roaming\npm-cache\_git-remotes\https-github-com-EddyVerbruggen-SocialSharing-PhoneGap-Plugin-git-aeb6e1b1 for git+https://github.com/EddyVerbruggen/SocialSharing-PhoneGap-Plugin.git
313 silly gentlyRm C:\Users\Kbelo\AppData\Roaming\npm-cache\_git-remotes\https-github-com-EddyVerbruggen-SocialSharing-PhoneGap-Plugin-git-aeb6e1b1 is being purged
314 verbose gentlyRm don't care about contents; nuking C:\Users\Kbelo\AppData\Roaming\npm-cache\_git-remotes\https-github-com-EddyVerbruggen-SocialSharing-PhoneGap-Plugin-git-aeb6e1b1
315 silly vacuum-fs purging C:\Users\Kbelo\AppData\Roaming\npm-cache\_git-remotes\https-github-com-EddyVerbruggen-SocialSharing-PhoneGap-Plugin-git-aeb6e1b1
316 silly vacuum-fs quitting because other entries in C:\Users\Kbelo\AppData\Roaming\npm-cache\_git-remotes
317 error git clone --template=C:\Users\Kbelo\AppData\Roaming\npm-cache\_git-remotes\_templates --mirror https://github.com/EddyVerbruggen/SocialSharing-PhoneGap-Plugin.git C:\Users\Kbelo\AppData\Roaming\npm-cache\_git-remotes\https-github-com-EddyVerbruggen-SocialSharing-PhoneGap-Plugin-git-aeb6e1b1: undefined
317 error git clone --template=C:\Users\Kbelo\AppData\Roaming\npm-cache\_git-remotes\_templates --mirror https://github.com/EddyVerbruggen/SocialSharing-PhoneGap-Plugin.git C:\Users\Kbelo\AppData\Roaming\npm-cache\_git-remotes\https-github-com-EddyVerbruggen-SocialSharing-PhoneGap-Plugin-git-aeb6e1b1: undefined
318 verbose stack Error: not found: git
318 verbose stack     at F (C:\Program Files\nodejs\node_modules\npm\node_modules\which\which.js:63:19)
318 verbose stack     at E (C:\Program Files\nodejs\node_modules\npm\node_modules\which\which.js:72:29)
318 verbose stack     at C:\Program Files\nodejs\node_modules\npm\node_modules\which\which.js:81:16
318 verbose stack     at C:\Program Files\nodejs\node_modules\npm\node_modules\which\node_modules\isexe\index.js:44:5
318 verbose stack     at C:\Program Files\nodejs\node_modules\npm\node_modules\which\node_modules\isexe\windows.js:29:5
318 verbose stack     at FSReqWrap.oncomplete (fs.js:82:15)
319 verbose cwd E:\ionic\psalmstoday
320 error Windows_NT 10.0.14393
321 error argv "C:\\Program Files\\nodejs\\node.exe" "C:\\Program Files\\nodejs\\node_modules\\npm\\bin\\npm-cli.js" "update"
322 error node v4.4.0
323 error npm  v2.14.20
324 error code ENOGIT
325 error not found: git
326 error Failed using git.
326 error This is most likely not a problem with npm itself.
326 error Please check if you have git installed and in your PATH.
327 verbose exit [ 1, true ]
